build/app/outputs/mapping/release/mapping.txt
# compiler: R8
# compiler_version: 1.5.64
# min_api: 21
# pg_map_id: 1c3371a
...
androidx.fragment.app.FragmentTransition$FragmentContainerTransition -> androidx.fragment.app.o$e:
    androidx.fragment.app.BackStackRecord firstOutTransaction -> f
    boolean firstOutIsPop -> e
    androidx.fragment.app.Fragment lastIn -> a
    androidx.fragment.app.Fragment firstOut -> d
    boolean lastInIsPop -> b
    androidx.fragment.app.BackStackRecord lastInTransaction -> c
androidx.fragment.app.FragmentTransitionCompat21 -> androidx.fragment.app.p:
    void addTarget(java.lang.Object,android.view.View) -> a
    void addTargets(java.lang.Object,java.util.ArrayList) -> a
    void beginDelayedTransition(android.view.ViewGroup,java.lang.Object) -> a
    boolean canHandle(java.lang.Object) -> a
    boolean hasSimpleTarget(android.transition.Transition) -> a
    java.lang.Object mergeTransitionsInSequence(java.lang.Object,java.lang.Object,java.lang.Object) -> a
    void replaceTargets(java.lang.Object,java.util.ArrayList,java.util.ArrayList) -> a
    void scheduleHideFragmentView(java.lang.Object,android.view.View,java.util.ArrayList) -> a
    void scheduleRemoveTargets(java.lang.Object,java.lang.Object,java.util.ArrayList,java.lang.Object,java.util.ArrayList,java.lang.Object,java.util.ArrayList) -> a
    void setEpicenter(java.lang.Object,android.graphics.Rect) -> a
    java.lang.Object cloneTransition(java.lang.Object) -> b
    java.lang.Object mergeTransitionsTogether(java.lang.Object,java.lang.Object,java.lang.Object) -> b
    void removeTarget(java.lang.Object,android.view.View) -> b
    void setSharedElementTargets(java.lang.Object,android.view.View,java.util.ArrayList) -> b
    void swapSharedElementTargets(java.lang.Object,java.util.ArrayList,java.util.ArrayList) -> b
    void setEpicenter(java.lang.Object,android.view.View) -> c
    java.lang.Object wrapTransitionInSet(java.lang.Object) -> c
androidx.fragment.app.FragmentTransitionCompat21$1 -> androidx.fragment.app.p$a:
    android.graphics.Rect val$epicenter -> a
androidx.fragment.app.FragmentTransitionCompat21$2 -> androidx.fragment.app.p$b:
    android.view.View val$fragmentView -> a
    java.util.ArrayList val$exitingViews -> b
androidx.fragment.app.FragmentTransitionCompat21$3 -> androidx.fragment.app.p$c:
    java.lang.Object val$sharedElementTransition -> e
    java.lang.Object val$exitTransition -> c
    java.util.ArrayList val$sharedElementsIn -> f
    java.lang.Object val$enterTransition -> a
    java.util.ArrayList val$exitingViews -> d
    java.util.ArrayList val$enteringViews -> b
    androidx.fragment.app.FragmentTransitionCompat21 this$0 -> g
androidx.fragment.app.FragmentTransitionCompat21$4 -> androidx.fragment.app.p$d:
    android.graphics.Rect val$epicenter -> a